Total states run:     1
bbs.wankr.com.cn:
----------
          ID: /usr/local/php/lib/php.ini
    Function: file.managed
      Result: True
     Comment: File /usr/local/php/lib/php.ini updated
     Started: 10:27:18.614774
    Duration: 46.591 ms
     Changes:   
              ----------
              diff:
                  ---  
                  +++  
                  @@ -369,7 +369,7 @@
                   ; Maximum execution time of each script, in seconds
                   ; http://php.net/max-execution-time
                   ; Note: This directive is hardcoded to 0 for the CLI SAPI
                  -max_execution_time = 30
                  +max_execution_time = 300
                   
                   ; Maximum amount of time each script may spend parsing request data. It's a good
                   ; idea to limit this time on productions servers in order to eliminate unexpectedly
                  @@ -379,7 +379,7 @@
                   ; Development Value: 60 (60 seconds)
                   ; Production Value: 60 (60 seconds)
                   ; http://php.net/max-input-time
                  -max_input_time = 60
                  +max_input_time = 300
                   
                   ; Maximum input variable nesting level
                   ; http://php.net/max-input-nesting-level
                  @@ -446,8 +446,7 @@
                   ; Development Value: E_ALL
                   ; Production Value: E_ALL & ~E_DEPRECATED & ~E_STRICT
                   ; http://php.net/error-reporting
                  -;error_reporting = E_ALL & ~E_DEPRECATED & ~E_STRICT
                  -error_reporting = E_ALL  & ~E_NOTICE
                  +error_reporting = E_ALL & ~E_DEPRECATED & ~E_STRICT
                   
                   ; This directive controls whether or not and where PHP will output errors,
                   ; notices and warnings too. Error output is very useful during development, but
                  @@ -464,7 +463,7 @@
                   ; Development Value: On
                   ; Production Value: Off
                   ; http://php.net/display-errors
                  -display_errors = On
                  +display_errors = Off
                   
                   ; The display of errors which occur during PHP's startup sequence are handled
                   ; separately from display_errors. PHP's default behavior is to suppress those
                  @@ -572,7 +571,7 @@
                   ; Example:
                   ;error_log = php_errors.log
                   ; Log errors to syslog (Event Log on Windows).
                  -error_log = /var/log/nginx/php-error.log
                  +;error_log = syslog
                   
                   ;windows.show_crt_warning
                   ; Default value: 0
                  @@ -658,7 +657,7 @@
                   ; Its value may be 0 to disable the limit. It is ignored if POST data reading
                   ; is disabled through enable_post_data_reading.
                   ; http://php.net/post-max-size
                  -post_max_size = 8M
                  +post_max_size = 16M
                   
                   ; Automatically add files before PHP document.
                   ; http://php.net/auto-prepend-file
                  @@ -908,7 +907,7 @@
                   [Date]
                   ; Defines the default timezone used by the date functions
                   ; http://php.net/date.timezone
                  -date.timezone = UTC
                  +date.timezone = Asia/Shanghai
                   
                   ; http://php.net/date.default-latitude
                   ;date.default_latitude = 31.7667
                  @@ -1183,7 +1182,7 @@
                   ; Default socket name for local MySQL connects.  If empty, uses the built-in
                   ; MySQL defaults.
                   ; http://php.net/mysqli.default-socket
                  -mysqli.default_socket =
                  +mysqli.default_socket =  /data/3306/mysql.sock
                   
                   ; Default host for mysql_connect() (doesn't apply in safe mode).
                   ; http://php.net/mysqli.default-host

Summary
------------
Succeeded: 1 (changed=1)
Failed:    0
------------
Total states run:     1
ytadmin02.wankr.com.cn:
----------
          ID: /usr/local/php/lib/php.ini
    Function: file.managed
      Result: True
     Comment: File /usr/local/php/lib/php.ini updated
     Started: 10:27:18.625156
    Duration: 141.718 ms
     Changes:   
              ----------
              diff:
                  ---  
                  +++  
                  @@ -369,7 +369,7 @@
                   ; Maximum execution time of each script, in seconds
                   ; http://php.net/max-execution-time
                   ; Note: This directive is hardcoded to 0 for the CLI SAPI
                  -max_execution_time = 30
                  +max_execution_time = 300
                   
                   ; Maximum amount of time each script may spend parsing request data. It's a good
                   ; idea to limit this time on productions servers in order to eliminate unexpectedly
                  @@ -379,7 +379,7 @@
                   ; Development Value: 60 (60 seconds)
                   ; Production Value: 60 (60 seconds)
                   ; http://php.net/max-input-time
                  -max_input_time = 60
                  +max_input_time = 300
                   
                   ; Maximum input variable nesting level
                   ; http://php.net/max-input-nesting-level
                  @@ -657,7 +657,7 @@
                   ; Its value may be 0 to disable the limit. It is ignored if POST data reading
                   ; is disabled through enable_post_data_reading.
                   ; http://php.net/post-max-size
                  -post_max_size = 8M
                  +post_max_size = 16M
                   
                   ; Automatically add files before PHP document.
                   ; http://php.net/auto-prepend-file
                  @@ -907,7 +907,7 @@
                   [Date]
                   ; Defines the default timezone used by the date functions
                   ; http://php.net/date.timezone
                  -;date.timezone =
                  +date.timezone = Asia/Shanghai
                   
                   ; http://php.net/date.default-latitude
                   ;date.default_latitude = 31.7667
                  @@ -1182,7 +1182,7 @@
                   ; Default socket name for local MySQL connects.  If empty, uses the built-in
                   ; MySQL defaults.
                   ; http://php.net/mysqli.default-socket
                  -mysqli.default_socket =
                  +mysqli.default_socket =  /data/3306/mysql.sock
                   
                   ; Default host for mysql_connect() (doesn't apply in safe mode).
                   ; http://php.net/mysqli.default-host

Summary
------------
Succeeded: 1 (changed=1)
Failed:    0
------------
